<?xml version="1.0" encoding="UTF-8"?>
<testng-results skipped="0" failed="0" ignored="0" total="1" passed="1">
  <reporter-output>
    <line>
      <![CDATA[[[ChromeDriver: chrome on MAC (cf9ded09eb707ae5d8fa7ff57775d815)] -> xpath: //button[@class='LeadRouting__select a' and text() = 'Car ']]: This element has been clicked!!!<br>]]>
    </line>
    <line>
      <![CDATA[11237: value has been passed into ------> [[ChromeDriver: chrome on MAC (cf9ded09eb707ae5d8fa7ff57775d815)] -> id: uid_54]<br>]]>
    </line>
  </reporter-output>
  <suite name="Default suite" duration-ms="14527" started-at="2022-08-03T22:19:58 EDT" finished-at="2022-08-03T22:20:13 EDT">
    <groups>
    </groups>
    <test name="Default test" duration-ms="14527" started-at="2022-08-03T22:19:58 EDT" finished-at="2022-08-03T22:20:13 EDT">
      <class name="com.amfam.qa.test.car.AutoClass">
        <test-method status="PASS" signature="setUp()[pri:0, instance:com.amfam.qa.test.car.AutoClass@4abdb505]" name="setUp" is-config="true" duration-ms="10541" started-at="2022-08-03T22:19:58 EDT" finished-at="2022-08-03T22:20:09 EDT">
          <reporter-output>
          </reporter-output>
        </test-method> <!-- setUp -->
        <test-method status="PASS" signature="carInsurance()[pri:0, instance:com.amfam.qa.test.car.AutoClass@4abdb505]" name="carInsurance" duration-ms="3690" started-at="2022-08-03T22:20:09 EDT" finished-at="2022-08-03T22:20:13 EDT">
          <reporter-output>
            <line>
              <![CDATA[[[ChromeDriver: chrome on MAC (cf9ded09eb707ae5d8fa7ff57775d815)] -> xpath: //button[@class='LeadRouting__select a' and text() = 'Car ']]: This element has been clicked!!!<br>]]>
            </line>
            <line>
              <![CDATA[11237: value has been passed into ------> [[ChromeDriver: chrome on MAC (cf9ded09eb707ae5d8fa7ff57775d815)] -> id: uid_54]<br>]]>
            </line>
          </reporter-output>
        </test-method> <!-- carInsurance -->
        <test-method status="PASS" signature="terminate()[pri:0, instance:com.amfam.qa.test.car.AutoClass@4abdb505]" name="terminate" is-config="true" duration-ms="253" started-at="2022-08-03T22:20:13 EDT" finished-at="2022-08-03T22:20:13 EDT">
          <reporter-output>
          </reporter-output>
        </test-method> <!-- terminate -->
      </class> <!-- com.amfam.qa.test.car.AutoClass -->
    </test> <!-- Default test -->
  </suite> <!-- Default suite -->
</testng-results>
